<?xml version="1.0" encoding="UTF-8"?>
<!-- Generated by org.testng.reporters.JUnitXMLReporter -->
<testsuite hostname="LGDN-PC" name="ChromeTest" tests="3" failures="0" timestamp="30 Jul 2015 14:39:30 GMT" time="75.993" errors="0">
  <testcase name="TC_JOOMLA_Article_001" time="23.513" classname="article.TM_Article_001"/>
  <testcase name="TC_JOOMLA_Article_002" time="18.265" classname="article.TM_Article_001"/>
  <testcase name="TC_JOOMLA_Article_009" time="26.994" classname="article.TM_Article_001"/>
</testsuite> <!-- ChromeTest -->
