<?xml version="1.0" encoding="UTF-8"?>
<!-- Generated by org.testng.reporters.JUnitXMLReporter -->
<testsuite hostname="HOANGNAM-VAIO" name="FirefoxTest" tests="8" failures="0" timestamp="18 Jul 2015 06:49:24 GMT" time="193.379" errors="0">
  <testcase name="TC_Banner_003" time="41.468" classname="banners.TM_Banners_003"/>
  <testcase name="TC_Banner_006" time="10.075" classname="banners.TM_Banners_003"/>
  <testcase name="TC_Banner_007" time="7.839" classname="banners.TM_Banners_003"/>
  <testcase name="TC_Banner_002" time="43.161" classname="banners.TM_Banners_002"/>
  <testcase name="TC_Banner_005" time="10.023" classname="banners.TM_Banners_002"/>
  <testcase name="TC_Banner_001" time="39.903" classname="banners.TM_Banners_001"/>
  <testcase name="TC_Banner_004" time="11.119" classname="banners.TM_Banners_001"/>
  <testcase name="TC_Banner_008" time="2.228" classname="banners.TM_Banners_001"/>
</testsuite> <!-- FirefoxTest -->
