<?xml version="1.0" encoding="UTF-8"?>
<!-- Generated by org.testng.reporters.JUnitXMLReporter -->
<testsuite hostname="HOANGNAM-VAIO" name="FirefoxTest" tests="25" failures="0" timestamp="21 Jul 2015 00:21:26 GMT" time="876.612" errors="0">
  <testcase name="TC_Article_001" time="27.057" classname="article.TM_Article_001"/>
  <testcase name="TC_Article_002" time="16.675" classname="article.TM_Article_001"/>
  <testcase name="TC_Article_009" time="21.99" classname="article.TM_Article_001"/>
  <testcase name="TC_Article_005" time="38.652" classname="article.TM_Article_002"/>
  <testcase name="TC_Article_004" time="30.253" classname="article.TM_Article_003"/>
  <testcase name="TC_Article_007" time="12.0" classname="article.TM_Article_003"/>
  <testcase name="TC_Article_003" time="29.323" classname="article.TM_Article_004"/>
  <testcase name="TC_Article_015" time="7.664" classname="article.TM_Article_004"/>
  <testcase name="TC_Article_006" time="58.446" classname="article.TM_Article_005"/>
  <testcase name="TC_Article_008" time="4.114" classname="article.TM_Article_005"/>
  <testcase name="TC_Article_017" time="21.465" classname="article.TM_Article_006"/>
  <testcase name="TC_Articles_016" time="7.539" classname="article.TM_Article_006"/>
  <testcase name="TC_Banner_001" time="43.735" classname="banners.TM_Banners_001"/>
  <testcase name="TC_Banner_004" time="11.397" classname="banners.TM_Banners_001"/>
  <testcase name="TC_Banner_008" time="2.73" classname="banners.TM_Banners_001"/>
  <testcase name="TC_Banner_002" time="50.12" classname="banners.TM_Banners_002"/>
  <testcase name="TC_Banner_005" time="11.829" classname="banners.TM_Banners_002"/>
  <testcase name="TC_Banner_003" time="47.383" classname="banners.TM_Banners_003"/>
  <testcase name="TC_Banner_006" time="11.243" classname="banners.TM_Banners_003"/>
  <testcase name="TC_Banner_007" time="7.293" classname="banners.TM_Banners_003"/>
  <testcase name="TC_Banner_010" time="76.526" classname="banners.TM_Banners_004"/>
  <testcase name="TC_Banner_009" time="50.06" classname="banners.TM_Banners_005"/>
  <testcase name="TC_Banner_011" time="52.594" classname="banners.TM_Banners_006"/>
  <testcase name="TC_Banner_013" time="54.407" classname="banners.TM_Banners_007"/>
  <testcase name="TC_Banners_012" time="11.808" classname="banners.TM_Banners_007"/>
</testsuite> <!-- FirefoxTest -->
